  cwayfiles.cpp
C:\Users\aaade\Desktop\programs\C++\experementics\cwayfiles.cpp(138,1): error C2660:  'Kont::SetKont': function does not take 3 arguments
C:\Users\aaade\Desktop\programs\C++\experementics\cwayfiles.cpp(25,7): message :  see declaration of 'Kont::SetKont'
C:\Users\aaade\Desktop\programs\C++\experementics\cwayfiles.cpp(181,23): error C2660:  'Kont::SetKont': function does not take 3 arguments
C:\Users\aaade\Desktop\programs\C++\experementics\cwayfiles.cpp(25,7): message :  see declaration of 'Kont::SetKont'
C:\Users\aaade\Desktop\programs\C++\experementics\cwayfiles.cpp(217,28): error C2660:  'Kont::SetKont': function does not take 3 arguments
C:\Users\aaade\Desktop\programs\C++\experementics\cwayfiles.cpp(25,7): message :  see declaration of 'Kont::SetKont'
C:\Users\aaade\Desktop\programs\C++\experementics\cwayfiles.cpp(304,28): error C2660:  'Kont::SetKont': function does not take 3 arguments
C:\Users\aaade\Desktop\programs\C++\experementics\cwayfiles.cpp(25,7): message :  see declaration of 'Kont::SetKont'
